[58000:259:0326/124811.636956:INFO:chrome_browser_cloud_management_controller.cc(196)] No machine level policy manager exists.
[58006:259:0326/124811.763836:WARNING:viz_main_impl.cc(85)] VizNullHypothesis is disabled (not a warning)
[58007:12035:0326/124812.384566:WARNING:spdy_session.cc(2980)] Received HEADERS for invalid stream 1
[58000:259:0326/124814.216815:INFO:CONSOLE(238)] "
%cStop! font-family:helvetica; font-size:20px; font-size:50px; font-weight:bold; color:red; -webkit-text-stroke:1px black;", source: https://static.cdninstagram.com/rsrc.php/v4/yp/r/z53K205ct98.js (238)
[58000:259:0326/124814.216984:INFO:CONSOLE(238)] "
%cThis is a browser feature intended for developers. If someone told you to copy-paste something here to enable an Instagram feature or "hack" someone's account, it is a scam and will give them access to your Instagram account. font-family:helvetica; font-size:20px; ", source: https://static.cdninstagram.com/rsrc.php/v4/yp/r/z53K205ct98.js (238)
[58000:259:0326/124814.217024:INFO:CONSOLE(238)] "
%cSee https://www.facebook.com/selfxss for more information. font-family:helvetica; font-size:20px; ", source: https://static.cdninstagram.com/rsrc.php/v4/yp/r/z53K205ct98.js (238)
[58000:259:0326/124814.217057:INFO:CONSOLE(238)] "
%c ", source: https://static.cdninstagram.com/rsrc.php/v4/yp/r/z53K205ct98.js (238)
[58006:259:0326/124814.217676:ERROR:gles2_command_buffer_stub.cc(270)] ContextResult::kFatalFailure: Failed to create context.
[58006:259:0326/124814.218456:ERROR:gles2_command_buffer_stub.cc(270)] ContextResult::kFatalFailure: Failed to create context.
[58000:259:0326/124814.235217:INFO:CONSOLE(0)] "Banner not shown: beforeinstallpromptevent.preventDefault() called. The page must call beforeinstallpromptevent.prompt() to show the banner.", source: https://www.instagram.com/ (0)
[58000:259:0326/124814.249828:INFO:CONSOLE(0)] "[DOM] Input elements should have autocomplete attributes (suggested: "current-password"): (More info: https://goo.gl/9p2vKq) %o", source: https://www.instagram.com/ (0)
[58000:259:0326/124814.964285:INFO:CONSOLE(0)] "[DOM] Input elements should have autocomplete attributes (suggested: "current-password"): (More info: https://goo.gl/9p2vKq) %o", source: https://www.instagram.com/ (0)
[58000:259:0326/124814.975092:INFO:CONSOLE(238)] "
%cStop! font-family:helvetica; font-size:20px; font-size:50px; font-weight:bold; color:red; -webkit-text-stroke:1px black;", source: https://static.cdninstagram.com/rsrc.php/v4/yp/r/z53K205ct98.js (238)
[58000:259:0326/124814.975160:INFO:CONSOLE(238)] "
%cThis is a browser feature intended for developers. If someone told you to copy-paste something here to enable an Instagram feature or "hack" someone's account, it is a scam and will give them access to your Instagram account. font-family:helvetica; font-size:20px; ", source: https://static.cdninstagram.com/rsrc.php/v4/yp/r/z53K205ct98.js (238)
[58000:259:0326/124814.975176:INFO:CONSOLE(238)] "
%cSee https://www.facebook.com/selfxss for more information. font-family:helvetica; font-size:20px; ", source: https://static.cdninstagram.com/rsrc.php/v4/yp/r/z53K205ct98.js (238)
[58000:259:0326/124814.975188:INFO:CONSOLE(238)] "
%c ", source: https://static.cdninstagram.com/rsrc.php/v4/yp/r/z53K205ct98.js (238)
[58006:259:0326/124814.975335:ERROR:gles2_command_buffer_stub.cc(270)] ContextResult::kFatalFailure: Failed to create context.
[58006:259:0326/124814.975709:ERROR:gles2_command_buffer_stub.cc(270)] ContextResult::kFatalFailure: Failed to create context.
[58000:259:0326/124815.033006:INFO:CONSOLE(0)] "Banner not shown: beforeinstallpromptevent.preventDefault() called. The page must call beforeinstallpromptevent.prompt() to show the banner.", source: https://www.instagram.com/ (0)
[58000:259:0326/124832.135985:INFO:CONSOLE(238)] "
%cStop! font-family:helvetica; font-size:20px; font-size:50px; font-weight:bold; color:red; -webkit-text-stroke:1px black;", source: https://static.cdninstagram.com/rsrc.php/v4/yp/r/z53K205ct98.js (238)
[58006:259:0326/124832.136215:ERROR:gles2_command_buffer_stub.cc(270)] ContextResult::kFatalFailure: Failed to create context.
[58000:259:0326/124832.136904:INFO:CONSOLE(238)] "
%cThis is a browser feature intended for developers. If someone told you to copy-paste something here to enable an Instagram feature or "hack" someone's account, it is a scam and will give them access to your Instagram account. font-family:helvetica; font-size:20px; ", source: https://static.cdninstagram.com/rsrc.php/v4/yp/r/z53K205ct98.js (238)
[58000:259:0326/124832.136939:INFO:CONSOLE(238)] "
%cSee https://www.facebook.com/selfxss for more information. font-family:helvetica; font-size:20px; ", source: https://static.cdninstagram.com/rsrc.php/v4/yp/r/z53K205ct98.js (238)
[58000:259:0326/124832.136950:INFO:CONSOLE(238)] "
%c ", source: https://static.cdninstagram.com/rsrc.php/v4/yp/r/z53K205ct98.js (238)
[58006:259:0326/124832.137196:ERROR:gles2_command_buffer_stub.cc(270)] ContextResult::kFatalFailure: Failed to create context.
[58000:259:0326/124832.169255:INFO:CONSOLE(0)] "Banner not shown: beforeinstallpromptevent.preventDefault() called. The page must call beforeinstallpromptevent.prompt() to show the banner.", source: https://www.instagram.com/ (0)
[58000:259:0326/124832.204144:INFO:CONSOLE(0)] "[DOM] Input elements should have autocomplete attributes (suggested: "current-password"): (More info: https://goo.gl/9p2vKq) %o", source: https://www.instagram.com/ (0)
[58000:259:0326/124857.411303:INFO:CONSOLE(238)] "
%cStop! font-family:helvetica; font-size:20px; font-size:50px; font-weight:bold; color:red; -webkit-text-stroke:1px black;", source: https://static.cdninstagram.com/rsrc.php/v4/yp/r/z53K205ct98.js (238)
[58000:259:0326/124857.411469:INFO:CONSOLE(238)] "
%cThis is a browser feature intended for developers. If someone told you to copy-paste something here to enable an Instagram feature or "hack" someone's account, it is a scam and will give them access to your Instagram account. font-family:helvetica; font-size:20px; ", source: https://static.cdninstagram.com/rsrc.php/v4/yp/r/z53K205ct98.js (238)
[58000:259:0326/124857.411486:INFO:CONSOLE(238)] "
%cSee https://www.facebook.com/selfxss for more information. font-family:helvetica; font-size:20px; ", source: https://static.cdninstagram.com/rsrc.php/v4/yp/r/z53K205ct98.js (238)
[58000:259:0326/124857.411497:INFO:CONSOLE(238)] "
%c ", source: https://static.cdninstagram.com/rsrc.php/v4/yp/r/z53K205ct98.js (238)
[58006:259:0326/124857.746537:ERROR:gles2_command_buffer_stub.cc(270)] ContextResult::kFatalFailure: Failed to create context.
[58006:259:0326/124857.746864:ERROR:gles2_command_buffer_stub.cc(270)] ContextResult::kFatalFailure: Failed to create context.
[58000:259:0326/124857.842121:INFO:CONSOLE(0)] "Banner not shown: beforeinstallpromptevent.preventDefault() called. The page must call beforeinstallpromptevent.prompt() to show the banner.", source: https://www.instagram.com/accounts/onetap/?next=%2F (0)
[58000:259:0326/124859.061305:INFO:CONSOLE(70)] "ErrorUtils caught an error:

DTSG response is not valid: {"__ar":1,"error":1357004,"errorSummary":"Sorry, something went wrong","errorDescription":"Please try closing and re-opening your browser window.","isNotCritical":1,"rid":"AGSUdgqtN_xfW3nshJu-l6e","payload":null,"lid":"7486099388656831632"}' [Caught in: [MAWRotateDTSG] Error rotating DTSG: (Error)]

Subsequent non-fatal errors won't be logged; see https://fburl.com/debugjs. [object Object]", source: https://static.cdninstagram.com/rsrc.php/v4/yp/r/z53K205ct98.js (70)
[58000:259:0326/124901.579091:INFO:CONSOLE(234)] "Permissions policy violation: unload is not allowed in this document.", source: https://static.xx.fbcdn.net/rsrc.php/v4/yp/r/z53K205ct98.js (234)
[58000:259:0326/124904.840599:INFO:CONSOLE(238)] "
%cStop! font-family:helvetica; font-size:20px; font-size:50px; font-weight:bold; color:red; -webkit-text-stroke:1px black;", source: https://static.cdninstagram.com/rsrc.php/v4/yp/r/z53K205ct98.js (238)
[58000:259:0326/124904.842957:INFO:CONSOLE(238)] "
%cThis is a browser feature intended for developers. If someone told you to copy-paste something here to enable an Instagram feature or "hack" someone's account, it is a scam and will give them access to your Instagram account. font-family:helvetica; font-size:20px; ", source: https://static.cdninstagram.com/rsrc.php/v4/yp/r/z53K205ct98.js (238)
[58000:259:0326/124904.843007:INFO:CONSOLE(238)] "
%cSee https://www.facebook.com/selfxss for more information. font-family:helvetica; font-size:20px; ", source: https://static.cdninstagram.com/rsrc.php/v4/yp/r/z53K205ct98.js (238)
[58000:259:0326/124904.843022:INFO:CONSOLE(238)] "
%c ", source: https://static.cdninstagram.com/rsrc.php/v4/yp/r/z53K205ct98.js (238)
[58135:259:0326/124904.941745:ERROR:system_services.cc(31)] SetApplicationIsDaemon: Error Domain=NSOSStatusErrorDomain Code=-50 "paramErr: error in user parameter list" (-50)
[58006:259:0326/124905.106509:ERROR:gles2_command_buffer_stub.cc(270)] ContextResult::kFatalFailure: Failed to create context.
[58006:259:0326/124905.107078:ERROR:gles2_command_buffer_stub.cc(270)] ContextResult::kFatalFailure: Failed to create context.
[58000:259:0326/124905.409037:INFO:CONSOLE(0)] "Banner not shown: beforeinstallpromptevent.preventDefault() called. The page must call beforeinstallpromptevent.prompt() to show the banner.", source: https://www.instagram.com/ (0)
[58000:259:0326/124905.896011:INFO:CONSOLE(70)] "ErrorUtils caught an error:

DTSG response is not valid: {"__ar":1,"error":1357004,"errorSummary":"Sorry, something went wrong","errorDescription":"Please try closing and re-opening your browser window.","isNotCritical":1,"rid":"A8s2q6o3fn0NQbSGbSNDFDE","payload":null,"lid":"7486099414831332832"}' [Caught in: [MAWRotateDTSG] Error rotating DTSG: (Error)]

Subsequent non-fatal errors won't be logged; see https://fburl.com/debugjs. [object Object]", source: https://static.cdninstagram.com/rsrc.php/v4/yp/r/z53K205ct98.js (70)
[58000:259:0326/124908.758983:INFO:CONSOLE(234)] "Permissions policy violation: unload is not allowed in this document.", source: https://static.xx.fbcdn.net/rsrc.php/v4/yp/r/z53K205ct98.js (234)
[58006:25603:0326/124914.917875:ERROR:shared_image_manager.cc(509)] SharedImageManager::ProduceMemory: Trying to Produce a Memory representation from a non-existent mailbox.
[58000:259:0326/124917.496062:INFO:CONSOLE(238)] "
%cStop! font-family:helvetica; font-size:20px; font-size:50px; font-weight:bold; color:red; -webkit-text-stroke:1px black;", source: https://static.xx.fbcdn.net/rsrc.php/v4/yp/r/z53K205ct98.js (238)
[58000:259:0326/124917.496115:INFO:CONSOLE(238)] "
%cThis is a browser feature intended for developers. If someone told you to copy and paste something here to enable a Facebook feature or "hack" someone's account, it is a scam and will give them access to your Facebook account. font-family:helvetica; font-size:20px; ", source: https://static.xx.fbcdn.net/rsrc.php/v4/yp/r/z53K205ct98.js (238)
[58000:259:0326/124917.496129:INFO:CONSOLE(238)] "
%cSee https://www.facebook.com/selfxss for more information. font-family:helvetica; font-size:20px; ", source: https://static.xx.fbcdn.net/rsrc.php/v4/yp/r/z53K205ct98.js (238)
[58000:259:0326/124917.496139:INFO:CONSOLE(238)] "
%c ", source: https://static.xx.fbcdn.net/rsrc.php/v4/yp/r/z53K205ct98.js (238)
[58006:259:0326/124917.496378:ERROR:gles2_command_buffer_stub.cc(270)] ContextResult::kFatalFailure: Failed to create context.
[58006:259:0326/124917.496681:ERROR:gles2_command_buffer_stub.cc(270)] ContextResult::kFatalFailure: Failed to create context.
[58291:39171:0326/125042.339019:INFO:peer_connection_dependency_factory.cc(802)] Running WebRTC with a combined Network and Worker thread.
[58000:259:0326/125042.554167:INFO:CONSOLE(0)] "Banner not shown: beforeinstallpromptevent.preventDefault() called. The page must call beforeinstallpromptevent.prompt() to show the banner.", source: https://x.com/i/flow/login (0)
[58291:39171:0326/125213.213167:INFO:peer_connection_dependency_factory.cc(802)] Running WebRTC with a combined Network and Worker thread.
[58000:259:0326/125213.372395:INFO:CONSOLE(0)] "Banner not shown: beforeinstallpromptevent.preventDefault() called. The page must call beforeinstallpromptevent.prompt() to show the banner.", source: https://x.com/ (0)
[58291:38659:0326/125213.393095:WARNING:webrtc_voice_engine.cc(809)] Attempting to stop aecdump when no audio processing module is present
[58000:259:0326/125246.831738:INFO:CONSOLE(0)] "[DOM] Password field is not contained in a form: (More info: https://goo.gl/9p2vKq) %o", source: https://x.com/i/flow/login (0)
[58291:39171:0326/125257.117602:INFO:peer_connection_dependency_factory.cc(802)] Running WebRTC with a combined Network and Worker thread.
[58291:38659:0326/125327.093536:WARNING:webrtc_voice_engine.cc(809)] Attempting to stop aecdump when no audio processing module is present
[58291:39171:0326/125331.413783:INFO:peer_connection_dependency_factory.cc(802)] Running WebRTC with a combined Network and Worker thread.
[58000:259:0326/125340.231285:INFO:CONSOLE(0)] "[DOM] Password field is not contained in a form: (More info: https://goo.gl/9p2vKq) %o", source: https://x.com/i/flow/login (0)
[58291:39171:0326/125346.978794:INFO:peer_connection_dependency_factory.cc(802)] Running WebRTC with a combined Network and Worker thread.
[58000:259:0326/125353.210114:INFO:CONSOLE(238)] "
%cStop! font-family:helvetica; font-size:20px; font-size:50px; font-weight:bold; color:red; -webkit-text-stroke:1px black;", source: https://static.xx.fbcdn.net/rsrc.php/v4/yp/r/z53K205ct98.js (238)
[58000:259:0326/125353.210283:INFO:CONSOLE(238)] "
%cThis is a browser feature intended for developers. If someone told you to copy and paste something here to enable a Facebook feature or "hack" someone's account, it is a scam and will give them access to your Facebook account. font-family:helvetica; font-size:20px; ", source: https://static.xx.fbcdn.net/rsrc.php/v4/yp/r/z53K205ct98.js (238)
[58000:259:0326/125353.210321:INFO:CONSOLE(238)] "
%cSee https://www.facebook.com/selfxss for more information. font-family:helvetica; font-size:20px; ", source: https://static.xx.fbcdn.net/rsrc.php/v4/yp/r/z53K205ct98.js (238)
[58000:259:0326/125353.210336:INFO:CONSOLE(238)] "
%c ", source: https://static.xx.fbcdn.net/rsrc.php/v4/yp/r/z53K205ct98.js (238)
[58006:259:0326/125353.210475:ERROR:gles2_command_buffer_stub.cc(270)] ContextResult::kFatalFailure: Failed to create context.
[58006:259:0326/125353.210813:ERROR:gles2_command_buffer_stub.cc(270)] ContextResult::kFatalFailure: Failed to create context.
[58291:38659:0326/125401.384852:WARNING:webrtc_voice_engine.cc(809)] Attempting to stop aecdump when no audio processing module is present
[58291:38659:0326/125401.385244:WARNING:webrtc_voice_engine.cc(809)] Attempting to stop aecdump when no audio processing module is present
[58291:38659:0326/125401.396076:WARNING:webrtc_voice_engine.cc(809)] Attempting to stop aecdump when no audio processing module is present
[58000:259:0326/125518.873629:INFO:CONSOLE(238)] "
%cStop! font-family:helvetica; font-size:20px; font-size:50px; font-weight:bold; color:red; -webkit-text-stroke:1px black;", source: https://static.xx.fbcdn.net/rsrc.php/v4/yp/r/z53K205ct98.js (238)
[58000:259:0326/125518.873696:INFO:CONSOLE(238)] "
%cThis is a browser feature intended for developers. If someone told you to copy and paste something here to enable a Facebook feature or "hack" someone's account, it is a scam and will give them access to your Facebook account. font-family:helvetica; font-size:20px; ", source: https://static.xx.fbcdn.net/rsrc.php/v4/yp/r/z53K205ct98.js (238)
[58000:259:0326/125518.873724:INFO:CONSOLE(238)] "
%cSee https://www.facebook.com/selfxss for more information. font-family:helvetica; font-size:20px; ", source: https://static.xx.fbcdn.net/rsrc.php/v4/yp/r/z53K205ct98.js (238)
[58000:259:0326/125518.873736:INFO:CONSOLE(238)] "
%c ", source: https://static.xx.fbcdn.net/rsrc.php/v4/yp/r/z53K205ct98.js (238)
[58006:259:0326/125518.873925:ERROR:gles2_command_buffer_stub.cc(270)] ContextResult::kFatalFailure: Failed to create context.
[58006:259:0326/125518.874230:ERROR:gles2_command_buffer_stub.cc(270)] ContextResult::kFatalFailure: Failed to create context.
[58000:259:0326/125644.656533:INFO:CONSOLE(238)] "
%cStop! font-family:helvetica; font-size:20px; font-size:50px; font-weight:bold; color:red; -webkit-text-stroke:1px black;", source: https://static.cdninstagram.com/rsrc.php/v4/yp/r/z53K205ct98.js (238)
[58000:259:0326/125644.656731:INFO:CONSOLE(238)] "
%cThis is a browser feature intended for developers. If someone told you to copy-paste something here to enable an Instagram feature or "hack" someone's account, it is a scam and will give them access to your Instagram account. font-family:helvetica; font-size:20px; ", source: https://static.cdninstagram.com/rsrc.php/v4/yp/r/z53K205ct98.js (238)
[58000:259:0326/125644.656759:INFO:CONSOLE(238)] "
%cSee https://www.facebook.com/selfxss for more information. font-family:helvetica; font-size:20px; ", source: https://static.cdninstagram.com/rsrc.php/v4/yp/r/z53K205ct98.js (238)
[58000:259:0326/125644.656774:INFO:CONSOLE(238)] "
%c ", source: https://static.cdninstagram.com/rsrc.php/v4/yp/r/z53K205ct98.js (238)
[58006:259:0326/125644.657113:ERROR:gles2_command_buffer_stub.cc(270)] ContextResult::kFatalFailure: Failed to create context.
[58006:259:0326/125644.657536:ERROR:gles2_command_buffer_stub.cc(270)] ContextResult::kFatalFailure: Failed to create context.
[58000:259:0326/125645.326165:INFO:CONSOLE(0)] "Banner not shown: beforeinstallpromptevent.preventDefault() called. The page must call beforeinstallpromptevent.prompt() to show the banner.", source: https://www.instagram.com/ (0)
[58000:259:0326/125645.350850:INFO:CONSOLE(70)] "ErrorUtils caught an error:

DTSG response is not valid: {"__ar":1,"error":1357004,"errorSummary":"Sorry, something went wrong","errorDescription":"Please try closing and re-opening your browser window.","isNotCritical":1,"rid":"ARJjtiOLSxJ3sqcM78Uknx7","payload":null,"lid":"7486101390735407582"}' [Caught in: [MAWRotateDTSG] Error rotating DTSG: (Error)]

Subsequent non-fatal errors won't be logged; see https://fburl.com/debugjs. [object Object]", source: https://static.cdninstagram.com/rsrc.php/v4/yp/r/z53K205ct98.js (70)
[58000:259:0326/125648.761711:INFO:CONSOLE(234)] "Permissions policy violation: unload is not allowed in this document.", source: https://static.xx.fbcdn.net/rsrc.php/v4/yp/r/z53K205ct98.js (234)
[58000:259:0326/125704.380167:INFO:CONSOLE(238)] "
%cStop! font-family:helvetica; font-size:20px; font-size:50px; font-weight:bold; color:red; -webkit-text-stroke:1px black;", source: https://static.cdninstagram.com/rsrc.php/v4/yp/r/z53K205ct98.js (238)
[58000:259:0326/125704.380395:INFO:CONSOLE(238)] "
%cThis is a browser feature intended for developers. If someone told you to copy-paste something here to enable an Instagram feature or "hack" someone's account, it is a scam and will give them access to your Instagram account. font-family:helvetica; font-size:20px; ", source: https://static.cdninstagram.com/rsrc.php/v4/yp/r/z53K205ct98.js (238)
[58000:259:0326/125704.380413:INFO:CONSOLE(238)] "
%cSee https://www.facebook.com/selfxss for more information. font-family:helvetica; font-size:20px; ", source: https://static.cdninstagram.com/rsrc.php/v4/yp/r/z53K205ct98.js (238)
[58000:259:0326/125704.380425:INFO:CONSOLE(238)] "
%c ", source: https://static.cdninstagram.com/rsrc.php/v4/yp/r/z53K205ct98.js (238)
[58006:259:0326/125704.380710:ERROR:gles2_command_buffer_stub.cc(270)] ContextResult::kFatalFailure: Failed to create context.
[58006:259:0326/125704.381097:ERROR:gles2_command_buffer_stub.cc(270)] ContextResult::kFatalFailure: Failed to create context.
[58000:259:0326/125704.492596:INFO:CONSOLE(0)] "Banner not shown: beforeinstallpromptevent.preventDefault() called. The page must call beforeinstallpromptevent.prompt() to show the banner.", source: https://www.instagram.com/ (0)
[58000:259:0326/125705.007915:INFO:CONSOLE(70)] "ErrorUtils caught an error:

DTSG response is not valid: {"__ar":1,"error":1357004,"errorSummary":"Sorry, something went wrong","errorDescription":"Please try closing and re-opening your browser window.","isNotCritical":1,"rid":"A8a1jnTwdB83t4FPIpOyeCE","payload":null,"lid":"7486101476212574712"}' [Caught in: [MAWRotateDTSG] Error rotating DTSG: (Error)]

Subsequent non-fatal errors won't be logged; see https://fburl.com/debugjs. [object Object]", source: https://static.cdninstagram.com/rsrc.php/v4/yp/r/z53K205ct98.js (70)
[58000:259:0326/125707.471366:INFO:CONSOLE(234)] "Permissions policy violation: unload is not allowed in this document.", source: https://static.xx.fbcdn.net/rsrc.php/v4/yp/r/z53K205ct98.js (234)
[58006:25603:0326/125722.891092:ERROR:shared_image_manager.cc(509)] SharedImageManager::ProduceMemory: Trying to Produce a Memory representation from a non-existent mailbox.
[58997:37387:0326/125723.073336:INFO:peer_connection_dependency_factory.cc(802)] Running WebRTC with a combined Network and Worker thread.
[58000:259:0326/125743.359660:INFO:CONSOLE(238)] "
%cStop! font-family:helvetica; font-size:20px; font-size:50px; font-weight:bold; color:red; -webkit-text-stroke:1px black;", source: https://static.xx.fbcdn.net/rsrc.php/v4/yp/r/z53K205ct98.js (238)
[58000:259:0326/125743.359883:INFO:CONSOLE(238)] "
%cThis is a browser feature intended for developers. If someone told you to copy and paste something here to enable a Facebook feature or "hack" someone's account, it is a scam and will give them access to your Facebook account. font-family:helvetica; font-size:20px; ", source: https://static.xx.fbcdn.net/rsrc.php/v4/yp/r/z53K205ct98.js (238)
[58000:259:0326/125743.359927:INFO:CONSOLE(238)] "
%cSee https://www.facebook.com/selfxss for more information. font-family:helvetica; font-size:20px; ", source: https://static.xx.fbcdn.net/rsrc.php/v4/yp/r/z53K205ct98.js (238)
[58000:259:0326/125743.359939:INFO:CONSOLE(238)] "
%c ", source: https://static.xx.fbcdn.net/rsrc.php/v4/yp/r/z53K205ct98.js (238)
[58006:259:0326/125743.359983:ERROR:gles2_command_buffer_stub.cc(270)] ContextResult::kFatalFailure: Failed to create context.
[58006:259:0326/125743.360277:ERROR:gles2_command_buffer_stub.cc(270)] ContextResult::kFatalFailure: Failed to create context.
[58997:37127:0326/125753.050909:WARNING:webrtc_voice_engine.cc(809)] Attempting to stop aecdump when no audio processing module is present
[58000:259:0326/125909.031771:INFO:CONSOLE(238)] "
%cStop! font-family:helvetica; font-size:20px; font-size:50px; font-weight:bold; color:red; -webkit-text-stroke:1px black;", source: https://static.cdninstagram.com/rsrc.php/v4/yp/r/z53K205ct98.js (238)
[58000:259:0326/125909.031850:INFO:CONSOLE(238)] "
%cThis is a browser feature intended for developers. If someone told you to copy-paste something here to enable an Instagram feature or "hack" someone's account, it is a scam and will give them access to your Instagram account. font-family:helvetica; font-size:20px; ", source: https://static.cdninstagram.com/rsrc.php/v4/yp/r/z53K205ct98.js (238)
[58000:259:0326/125909.031866:INFO:CONSOLE(238)] "
%cSee https://www.facebook.com/selfxss for more information. font-family:helvetica; font-size:20px; ", source: https://static.cdninstagram.com/rsrc.php/v4/yp/r/z53K205ct98.js (238)
[58000:259:0326/125909.031877:INFO:CONSOLE(238)] "
%c ", source: https://static.cdninstagram.com/rsrc.php/v4/yp/r/z53K205ct98.js (238)
[58006:259:0326/125909.032435:ERROR:gles2_command_buffer_stub.cc(270)] ContextResult::kFatalFailure: Failed to create context.
[58006:259:0326/125909.032894:ERROR:gles2_command_buffer_stub.cc(270)] ContextResult::kFatalFailure: Failed to create context.
[58000:259:0326/125909.652641:INFO:CONSOLE(0)] "Banner not shown: beforeinstallpromptevent.preventDefault() called. The page must call beforeinstallpromptevent.prompt() to show the banner.", source: https://www.instagram.com/ (0)
[58000:259:0326/125909.823080:INFO:CONSOLE(70)] "ErrorUtils caught an error:

DTSG response is not valid: {"__ar":1,"error":1357004,"errorSummary":"Sorry, something went wrong","errorDescription":"Please try closing and re-opening your browser window.","isNotCritical":1,"rid":"ArobNMHvLri0daOB_ywN0-2","payload":null,"lid":"7486102009313275842"}' [Caught in: [MAWRotateDTSG] Error rotating DTSG: (Error)]

Subsequent non-fatal errors won't be logged; see https://fburl.com/debugjs. [object Object]", source: https://static.cdninstagram.com/rsrc.php/v4/yp/r/z53K205ct98.js (70)
[58000:259:0326/125912.987614:INFO:CONSOLE(234)] "Permissions policy violation: unload is not allowed in this document.", source: https://static.xx.fbcdn.net/rsrc.php/v4/yp/r/z53K205ct98.js (234)
[58000:259:0326/125929.724982:INFO:CONSOLE(1)] "Listener added for a 'DOMNodeInserted' mutation event. Support for this event type has been removed, and this event will no longer be fired. See https://chromestatus.com/feature/5083947249172480 for more information.", source: https://www.bing.com/rp/eKvcHdnNwo1WcxoSioV4ztnfZk8.br.js (1)
[58000:259:0326/125929.725245:INFO:CONSOLE(1)] "Listener added for a 'DOMNodeRemoved' mutation event. Support for this event type has been removed, and this event will no longer be fired. See https://chromestatus.com/feature/5083947249172480 for more information.", source: https://www.bing.com/rp/eKvcHdnNwo1WcxoSioV4ztnfZk8.br.js (1)
[58000:259:0326/125930.037228:INFO:CONSOLE(0)] "An iframe which has both allow-scripts and allow-same-origin for its sandbox attribute can escape its sandboxing.", source: https://www.bing.com/orgid/idtoken/conditional (0)
[58000:259:0326/125933.134585:INFO:CONSOLE(1)] "Listener added for a 'DOMNodeInserted' mutation event. Support for this event type has been removed, and this event will no longer be fired. See https://chromestatus.com/feature/5083947249172480 for more information.", source: https://www.bing.com/rp/eKvcHdnNwo1WcxoSioV4ztnfZk8.br.js (1)
[58000:259:0326/125933.134633:INFO:CONSOLE(1)] "Listener added for a 'DOMNodeRemoved' mutation event. Support for this event type has been removed, and this event will no longer be fired. See https://chromestatus.com/feature/5083947249172480 for more information.", source: https://www.bing.com/rp/eKvcHdnNwo1WcxoSioV4ztnfZk8.br.js (1)
[58000:259:0326/125933.619526:INFO:CONSOLE(0)] "An iframe which has both allow-scripts and allow-same-origin for its sandbox attribute can escape its sandboxing.", source: https://www.bing.com/orgid/idtoken/conditional (0)
[58000:259:0326/125938.997680:INFO:CONSOLE(1)] "Listener added for a 'DOMNodeInserted' mutation event. Support for this event type has been removed, and this event will no longer be fired. See https://chromestatus.com/feature/5083947249172480 for more information.", source: https://www.bing.com/rp/eKvcHdnNwo1WcxoSioV4ztnfZk8.br.js (1)
[58000:259:0326/125938.998054:INFO:CONSOLE(1)] "Listener added for a 'DOMNodeRemoved' mutation event. Support for this event type has been removed, and this event will no longer be fired. See https://chromestatus.com/feature/5083947249172480 for more information.", source: https://www.bing.com/rp/eKvcHdnNwo1WcxoSioV4ztnfZk8.br.js (1)
[58000:259:0326/125939.545792:INFO:CONSOLE(0)] "An iframe which has both allow-scripts and allow-same-origin for its sandbox attribute can escape its sandboxing.", source: https://www.bing.com/orgid/idtoken/conditional (0)
[59306:27435:0326/125943.157366:INFO:peer_connection_dependency_factory.cc(802)] Running WebRTC with a combined Network and Worker thread.
[58000:259:0326/130003.524030:INFO:CONSOLE(1)] "Listener added for a 'DOMNodeInserted' mutation event. Support for this event type has been removed, and this event will no longer be fired. See https://chromestatus.com/feature/5083947249172480 for more information.", source: https://www.bing.com/rp/eKvcHdnNwo1WcxoSioV4ztnfZk8.br.js (1)
[58000:259:0326/130003.524242:INFO:CONSOLE(1)] "Listener added for a 'DOMNodeRemoved' mutation event. Support for this event type has been removed, and this event will no longer be fired. See https://chromestatus.com/feature/5083947249172480 for more information.", source: https://www.bing.com/rp/eKvcHdnNwo1WcxoSioV4ztnfZk8.br.js (1)
[58000:259:0326/130004.359358:INFO:CONSOLE(0)] "An iframe which has both allow-scripts and allow-same-origin for its sandbox attribute can escape its sandboxing.", source: https://www.bing.com/orgid/idtoken/conditional (0)
[58000:259:0326/130005.283448:INFO:CONSOLE(1)] "Listener added for a 'DOMNodeInserted' mutation event. Support for this event type has been removed, and this event will no longer be fired. See https://chromestatus.com/feature/5083947249172480 for more information.", source: https://www.bing.com/rp/eKvcHdnNwo1WcxoSioV4ztnfZk8.br.js (1)
[58000:259:0326/130005.283533:INFO:CONSOLE(1)] "Listener added for a 'DOMNodeRemoved' mutation event. Support for this event type has been removed, and this event will no longer be fired. See https://chromestatus.com/feature/5083947249172480 for more information.", source: https://www.bing.com/rp/eKvcHdnNwo1WcxoSioV4ztnfZk8.br.js (1)
[58000:259:0326/130006.718830:INFO:CONSOLE(1)] "Listener added for a 'DOMNodeInserted' mutation event. Support for this event type has been removed, and this event will no longer be fired. See https://chromestatus.com/feature/5083947249172480 for more information.", source: https://www.bing.com/rp/eKvcHdnNwo1WcxoSioV4ztnfZk8.br.js (1)
[58000:259:0326/130006.718870:INFO:CONSOLE(1)] "Listener added for a 'DOMNodeRemoved' mutation event. Support for this event type has been removed, and this event will no longer be fired. See https://chromestatus.com/feature/5083947249172480 for more information.", source: https://www.bing.com/rp/eKvcHdnNwo1WcxoSioV4ztnfZk8.br.js (1)
[58000:259:0326/130007.501711:INFO:CONSOLE(1)] "Listener added for a 'DOMNodeInserted' mutation event. Support for this event type has been removed, and this event will no longer be fired. See https://chromestatus.com/feature/5083947249172480 for more information.", source: https://www.bing.com/rp/eKvcHdnNwo1WcxoSioV4ztnfZk8.br.js (1)
[58000:259:0326/130007.501754:INFO:CONSOLE(1)] "Listener added for a 'DOMNodeRemoved' mutation event. Support for this event type has been removed, and this event will no longer be fired. See https://chromestatus.com/feature/5083947249172480 for more information.", source: https://www.bing.com/rp/eKvcHdnNwo1WcxoSioV4ztnfZk8.br.js (1)
[58000:259:0326/130007.853719:INFO:CONSOLE(0)] "An iframe which has both allow-scripts and allow-same-origin for its sandbox attribute can escape its sandboxing.", source: https://www.bing.com/orgid/idtoken/conditional (0)
[58000:259:0326/130011.869441:INFO:CONSOLE(1)] "Listener added for a 'DOMNodeInserted' mutation event. Support for this event type has been removed, and this event will no longer be fired. See https://chromestatus.com/feature/5083947249172480 for more information.", source: https://www.bing.com/rp/eKvcHdnNwo1WcxoSioV4ztnfZk8.br.js (1)
[58000:259:0326/130011.869541:INFO:CONSOLE(1)] "Listener added for a 'DOMNodeRemoved' mutation event. Support for this event type has been removed, and this event will no longer be fired. See https://chromestatus.com/feature/5083947249172480 for more information.", source: https://www.bing.com/rp/eKvcHdnNwo1WcxoSioV4ztnfZk8.br.js (1)
[58000:259:0326/130012.374149:INFO:CONSOLE(0)] "An iframe which has both allow-scripts and allow-same-origin for its sandbox attribute can escape its sandboxing.", source: https://www.bing.com/orgid/idtoken/conditional (0)
[59306:39687:0326/130013.191659:WARNING:webrtc_voice_engine.cc(809)] Attempting to stop aecdump when no audio processing module is present
[59437:45587:0326/130039.417037:INFO:peer_connection_dependency_factory.cc(802)] Running WebRTC with a combined Network and Worker thread.
[58000:259:0326/130039.643233:INFO:CONSOLE(1)] "Uncaught (in promise) Error: ApiError: https://api.x.com/1.1/account/settings.json HTTP-401 codes:[32]", source: https://abs.twimg.com/responsive-web/client-web/main.4b8ece1a.js (1)
[58000:259:0326/130039.804435:INFO:CONSOLE(1)] "Uncaught (in promise) Error: ApiError: https://api.x.com/graphql/MA6tGkMvoK-PQdjiy4AZFw/HomeTimeline HTTP-401 codes:[32]", source: https://abs.twimg.com/responsive-web/client-web/main.4b8ece1a.js (1)
[58000:259:0326/130040.071143:INFO:CONSOLE(1)] "Uncaught (in promise) Error: ApiError: https://api.x.com/graphql/PFIxTk8owMoZgiMccP0r4g/getAltTextPromptPreference HTTP-401 codes:[32]", source: https://abs.twimg.com/responsive-web/client-web/main.4b8ece1a.js (1)
[59437:33799:0326/130109.395314:WARNING:webrtc_voice_engine.cc(809)] Attempting to stop aecdump when no audio processing module is present
[59528:41223:0326/130123.078176:INFO:peer_connection_dependency_factory.cc(802)] Running WebRTC with a combined Network and Worker thread.
[58000:259:0326/130123.251932:INFO:CONSOLE(0)] "Banner not shown: beforeinstallpromptevent.preventDefault() called. The page must call beforeinstallpromptevent.prompt() to show the banner.", source: https://x.com/ (0)
[59615:36867:0326/130204.979136:INFO:peer_connection_dependency_factory.cc(802)] Running WebRTC with a combined Network and Worker thread.
[58000:259:0326/130205.166338:INFO:CONSOLE(0)] "Banner not shown: beforeinstallpromptevent.preventDefault() called. The page must call beforeinstallpromptevent.prompt() to show the banner.", source: https://x.com/ (0)
[59749:38915:0326/130255.347613:INFO:peer_connection_dependency_factory.cc(802)] Running WebRTC with a combined Network and Worker thread.
[58000:259:0326/130255.522387:INFO:CONSOLE(0)] "Banner not shown: beforeinstallpromptevent.preventDefault() called. The page must call beforeinstallpromptevent.prompt() to show the banner.", source: https://x.com/ (0)
[59857:38147:0326/130345.237752:INFO:peer_connection_dependency_factory.cc(802)] Running WebRTC with a combined Network and Worker thread.
[58000:259:0326/130345.410464:INFO:CONSOLE(0)] "Banner not shown: beforeinstallpromptevent.preventDefault() called. The page must call beforeinstallpromptevent.prompt() to show the banner.", source: https://x.com/ (0)
[59952:38403:0326/130431.869283:INFO:peer_connection_dependency_factory.cc(802)] Running WebRTC with a combined Network and Worker thread.
[58000:259:0326/130432.054715:INFO:CONSOLE(0)] "Banner not shown: beforeinstallpromptevent.preventDefault() called. The page must call beforeinstallpromptevent.prompt() to show the banner.", source: https://x.com/ (0)
[60080:38147:0326/130528.849927:INFO:peer_connection_dependency_factory.cc(802)] Running WebRTC with a combined Network and Worker thread.
[58000:259:0326/130529.019550:INFO:CONSOLE(0)] "Banner not shown: beforeinstallpromptevent.preventDefault() called. The page must call beforeinstallpromptevent.prompt() to show the banner.", source: https://x.com/ (0)
[60165:33563:0326/130613.148118:INFO:peer_connection_dependency_factory.cc(802)] Running WebRTC with a combined Network and Worker thread.
[58000:259:0326/130613.311895:INFO:CONSOLE(0)] "Banner not shown: beforeinstallpromptevent.preventDefault() called. The page must call beforeinstallpromptevent.prompt() to show the banner.", source: https://x.com/ (0)
[60250:37891:0326/130658.828982:INFO:peer_connection_dependency_factory.cc(802)] Running WebRTC with a combined Network and Worker thread.
[58000:259:0326/130659.004263:INFO:CONSOLE(0)] "Banner not shown: beforeinstallpromptevent.preventDefault() called. The page must call beforeinstallpromptevent.prompt() to show the banner.", source: https://x.com/ (0)
[60344:65283:0326/130748.189240:INFO:peer_connection_dependency_factory.cc(802)] Running WebRTC with a combined Network and Worker thread.
[58000:259:0326/130748.380282:INFO:CONSOLE(0)] "Banner not shown: beforeinstallpromptevent.preventDefault() called. The page must call beforeinstallpromptevent.prompt() to show the banner.", source: https://x.com/ (0)
[60432:43523:0326/130832.192095:INFO:peer_connection_dependency_factory.cc(802)] Running WebRTC with a combined Network and Worker thread.
[58000:259:0326/130832.358476:INFO:CONSOLE(0)] "Banner not shown: beforeinstallpromptevent.preventDefault() called. The page must call beforeinstallpromptevent.prompt() to show the banner.", source: https://x.com/ (0)
[60520:37635:0326/130916.252262:INFO:peer_connection_dependency_factory.cc(802)] Running WebRTC with a combined Network and Worker thread.
[58000:259:0326/130916.421897:INFO:CONSOLE(0)] "Banner not shown: beforeinstallpromptevent.preventDefault() called. The page must call beforeinstallpromptevent.prompt() to show the banner.", source: https://x.com/ (0)
[60605:33543:0326/131002.521687:INFO:peer_connection_dependency_factory.cc(802)] Running WebRTC with a combined Network and Worker thread.
[58000:259:0326/131002.694196:INFO:CONSOLE(0)] "Banner not shown: beforeinstallpromptevent.preventDefault() called. The page must call beforeinstallpromptevent.prompt() to show the banner.", source: https://x.com/ (0)
[60701:38915:0326/131047.432367:INFO:peer_connection_dependency_factory.cc(802)] Running WebRTC with a combined Network and Worker thread.
[58000:259:0326/131047.601869:INFO:CONSOLE(0)] "Banner not shown: beforeinstallpromptevent.preventDefault() called. The page must call beforeinstallpromptevent.prompt() to show the banner.", source: https://x.com/ (0)
[60806:38403:0326/131140.431420:INFO:peer_connection_dependency_factory.cc(802)] Running WebRTC with a combined Network and Worker thread.
[58000:259:0326/131140.592772:INFO:CONSOLE(0)] "Banner not shown: beforeinstallpromptevent.preventDefault() called. The page must call beforeinstallpromptevent.prompt() to show the banner.", source: https://x.com/ (0)
[60903:43523:0326/131229.492397:INFO:peer_connection_dependency_factory.cc(802)] Running WebRTC with a combined Network and Worker thread.
[58000:259:0326/131229.671274:INFO:CONSOLE(0)] "Banner not shown: beforeinstallpromptevent.preventDefault() called. The page must call beforeinstallpromptevent.prompt() to show the banner.", source: https://x.com/ (0)
[61017:25147:0326/131329.914110:INFO:peer_connection_dependency_factory.cc(802)] Running WebRTC with a combined Network and Worker thread.
[58000:259:0326/131330.252302:INFO:CONSOLE(0)] "Banner not shown: beforeinstallpromptevent.preventDefault() called. The page must call beforeinstallpromptevent.prompt() to show the banner.", source: https://x.com/ (0)
[61151:39171:0326/131421.561378:INFO:peer_connection_dependency_factory.cc(802)] Running WebRTC with a combined Network and Worker thread.
[58000:259:0326/131421.720641:INFO:CONSOLE(0)] "Banner not shown: beforeinstallpromptevent.preventDefault() called. The page must call beforeinstallpromptevent.prompt() to show the banner.", source: https://x.com/ (0)
[58007:12035:0326/131450.605692:WARNING:spdy_session.cc(2980)] Received HEADERS for invalid stream 37
